2025-09-22 16:39:53,487 - INFO - Running stages: ['prep', 'eda', 'tree', 'gbm', 'regression', 'ensemble']
2025-09-22 16:39:53,500 - INFO - Starting Data Preprocessing...
2025-09-22 16:39:53,501 - INFO - Loading preprocessed data from cache...
2025-09-22 16:39:53,504 - INFO - Data shapes - Train: (4929, 34), Val: (705, 34), Test: (1409, 34)
2025-09-22 16:39:53,505 - INFO - Class distribution - Train: {0: 3621, 1: 1308}
2025-09-22 16:39:53,506 - INFO - Completed Data Preprocessing in 0.01 seconds
2025-09-22 16:39:53,506 - INFO - Starting EDA...
2025-09-22 16:39:54,651 - INFO - Completed EDA in 1.15 seconds
2025-09-22 16:39:54,651 - INFO - Starting Tree Models...
2025-09-22 16:39:54,871 - INFO - Completed Tree Models in 0.22 seconds
2025-09-22 16:39:54,872 - INFO - Starting GBM Models...
2025-09-22 16:39:56,256 - INFO - Completed GBM Models in 1.38 seconds
2025-09-22 16:39:56,256 - INFO - Starting Regression Models...
2025-09-22 16:40:00,415 - INFO - Completed Regression Models in 4.16 seconds
2025-09-22 16:40:00,416 - INFO - Starting Ensemble Models...
2025-09-22 16:40:02,210 - INFO - Completed Ensemble Models in 1.79 seconds
2025-09-22 16:40:02,210 - INFO - Saving trained models...
2025-09-22 16:40:02,283 - INFO - Saved 8/8 models
2025-09-22 16:40:02,284 - INFO - Reports saved to /Users/ob/Projects/teleco/results
2025-09-22 16:40:02,284 - INFO - Pipeline completed in 8.80 seconds
