2025-09-22 13:26:32,813 - INFO - Running stages: ['prep', 'eda', 'tree', 'gbm', 'regression', 'ensemble']
2025-09-22 13:26:32,827 - INFO - Starting Data Preprocessing...
2025-09-22 13:26:32,827 - INFO - Loading preprocessed data from cache...
2025-09-22 13:26:32,831 - INFO - Data shapes - Train: (4929, 34), Val: (705, 34), Test: (1409, 34)
2025-09-22 13:26:32,832 - INFO - Class distribution - Train: {0: 3621, 1: 1308}
2025-09-22 13:26:32,832 - INFO - Completed Data Preprocessing in 0.01 seconds
2025-09-22 13:26:32,832 - INFO - Starting EDA...
2025-09-22 13:26:34,050 - INFO - Completed EDA in 1.22 seconds
2025-09-22 13:26:34,051 - INFO - Starting Tree Models...
2025-09-22 13:26:34,284 - INFO - Completed Tree Models in 0.23 seconds
2025-09-22 13:26:34,284 - INFO - Starting GBM Models...
2025-09-22 13:26:35,723 - INFO - Completed GBM Models in 1.44 seconds
2025-09-22 13:26:35,723 - INFO - Starting Regression Models...
2025-09-22 13:26:40,251 - INFO - Completed Regression Models in 4.53 seconds
2025-09-22 13:26:40,252 - INFO - Starting Ensemble Models...
2025-09-22 13:26:42,131 - INFO - Completed Ensemble Models in 1.88 seconds
2025-09-22 13:26:42,132 - INFO - Saving trained models...
2025-09-22 13:26:42,203 - INFO - Saved 8/8 models
2025-09-22 13:26:42,207 - INFO - Reports saved to /Users/ob/Projects/teleco/results
2025-09-22 13:26:42,207 - INFO - Pipeline completed in 9.39 seconds
