2025-09-22 13:27:28,488 - INFO - Running stages: ['prep', 'eda', 'tree', 'gbm', 'regression', 'svm', 'clustering', 'ensemble']
2025-09-22 13:27:28,503 - INFO - Starting Data Preprocessing...
2025-09-22 13:27:28,503 - INFO - Loading preprocessed data from cache...
2025-09-22 13:27:28,509 - INFO - Data shapes - Train: (4929, 34), Val: (705, 34), Test: (1409, 34)
2025-09-22 13:27:28,511 - INFO - Class distribution - Train: {0: 3621, 1: 1308}
2025-09-22 13:27:28,511 - INFO - Completed Data Preprocessing in 0.01 seconds
2025-09-22 13:27:28,511 - INFO - Starting EDA...
2025-09-22 13:27:29,699 - INFO - Completed EDA in 1.19 seconds
2025-09-22 13:27:29,699 - INFO - Starting Tree Models...
2025-09-22 13:27:30,109 - INFO - Completed Tree Models in 0.41 seconds
2025-09-22 13:27:30,110 - INFO - Starting GBM Models...
2025-09-22 13:31:59,381 - INFO - Completed GBM Models in 269.27 seconds
2025-09-22 13:31:59,383 - INFO - Starting Regression Models...
2025-09-22 13:32:25,284 - INFO - Completed Regression Models in 25.90 seconds
2025-09-22 13:32:25,289 - INFO - Starting SVM Models...
2025-09-22 13:32:28,356 - INFO - Completed SVM Models in 3.07 seconds
2025-09-22 13:32:28,357 - INFO - Starting Clustering...
2025-09-22 13:32:51,104 - INFO - Completed Clustering in 22.75 seconds
2025-09-22 13:32:51,104 - INFO - Starting Ensemble Models...
2025-09-22 13:33:03,972 - INFO - Completed Ensemble Models in 12.87 seconds
2025-09-22 13:33:03,973 - INFO - Saving trained models...
2025-09-22 13:33:04,204 - INFO - Saved 19/19 models
2025-09-22 13:33:04,205 - INFO - Reports saved to /Users/ob/Projects/teleco/results
2025-09-22 13:33:04,205 - INFO - Pipeline completed in 335.72 seconds
