2025-09-22 15:26:16,236 - INFO - Running stages: ['prep', 'eda', 'tree', 'gbm', 'regression', 'ensemble']
2025-09-22 15:26:16,249 - INFO - Starting Data Preprocessing...
2025-09-22 15:26:16,249 - INFO - Loading preprocessed data from cache...
2025-09-22 15:26:16,253 - INFO - Data shapes - Train: (4929, 34), Val: (705, 34), Test: (1409, 34)
2025-09-22 15:26:16,253 - INFO - Class distribution - Train: {0: 3621, 1: 1308}
2025-09-22 15:26:16,253 - INFO - Completed Data Preprocessing in 0.00 seconds
2025-09-22 15:26:16,253 - INFO - Starting EDA...
2025-09-22 15:26:17,278 - INFO - Completed EDA in 1.02 seconds
2025-09-22 15:26:17,278 - INFO - Starting Tree Models...
2025-09-22 15:26:17,479 - INFO - Completed Tree Models in 0.20 seconds
2025-09-22 15:26:17,479 - INFO - Starting GBM Models...
2025-09-22 15:26:18,798 - INFO - Completed GBM Models in 1.32 seconds
2025-09-22 15:26:18,798 - INFO - Starting Regression Models...
2025-09-22 15:26:21,267 - INFO - Completed Regression Models in 2.47 seconds
2025-09-22 15:26:21,267 - INFO - Starting Ensemble Models...
2025-09-22 15:26:22,955 - INFO - Completed Ensemble Models in 1.69 seconds
2025-09-22 15:26:22,956 - INFO - Saving trained models...
2025-09-22 15:26:23,025 - INFO - Saved 8/8 models
2025-09-22 15:26:23,029 - INFO - Reports saved to /Users/ob/Projects/teleco/results
2025-09-22 15:26:23,029 - INFO - Pipeline completed in 6.79 seconds
