2025-09-22 12:37:26,081 - INFO - Running stages: ['prep', 'eda', 'tree', 'gbm', 'regression', 'svm', 'clustering', 'ensemble']
2025-09-22 12:37:26,097 - INFO - Starting Data Preprocessing...
2025-09-22 12:37:26,228 - INFO - Data shapes - Train: (4929, 34), Val: (705, 34), Test: (1409, 34)
2025-09-22 12:37:26,228 - INFO - Class distribution - Train: {0: 3621, 1: 1308}
2025-09-22 12:37:26,228 - INFO - Completed Data Preprocessing in 0.13 seconds
2025-09-22 12:37:26,229 - INFO - Starting EDA...
2025-09-22 12:37:27,340 - INFO - Completed EDA in 1.11 seconds
2025-09-22 12:37:27,341 - INFO - Starting Tree Models...
2025-09-22 12:37:27,699 - INFO - Completed Tree Models in 0.36 seconds
2025-09-22 12:37:27,700 - INFO - Starting GBM Models...
2025-09-22 12:41:02,393 - INFO - Completed GBM Models in 214.69 seconds
2025-09-22 12:41:02,394 - INFO - Starting Regression Models...
2025-09-22 12:41:18,924 - INFO - Completed Regression Models in 16.53 seconds
2025-09-22 12:41:18,926 - INFO - Starting SVM Models...
2025-09-22 12:41:21,412 - INFO - Completed SVM Models in 2.49 seconds
2025-09-22 12:41:21,412 - INFO - Starting Clustering...
2025-09-22 12:41:30,624 - INFO - Completed Clustering in 9.21 seconds
2025-09-22 12:41:30,625 - INFO - Starting Ensemble Models...
2025-09-22 12:41:42,109 - INFO - Completed Ensemble Models in 11.48 seconds
2025-09-22 12:41:42,110 - INFO - Saving trained models...
2025-09-22 12:41:42,345 - INFO - Saved 19/19 models
2025-09-22 12:41:42,346 - INFO - Reports saved to /Users/ob/Projects/teleco/results
2025-09-22 12:41:42,346 - INFO - Pipeline completed in 256.26 seconds
